c:\users\lovely\source\repos\coding\coding\debug\vc141.pdb
c:\users\lovely\source\repos\coding\coding\debug\vc141.idb
c:\users\lovely\source\repos\coding\coding\debug\main.obj
c:\users\lovely\source\repos\coding\coding\debug\socialnetwork.obj
d:\git projects\c++\coding\coding\debug\vc141.pdb
d:\git projects\c++\coding\coding\debug\vc141.idb
d:\git projects\c++\coding\coding\debug\socialnetwork.obj
c:\users\lovely\source\repos\coding\debug\coding.exe
c:\users\lovely\source\repos\coding\debug\coding.ilk
c:\users\lovely\source\repos\coding\debug\coding.pdb
d:\git projects\c++\coding\debug\coding.ilk
d:\git projects\c++\coding\debug\coding.exe
d:\git projects\c++\coding\debug\coding.pdb
d:\git projects\c++\coding\coding\debug\main.obj
d:\git projects\c++\coding\coding\debug\coding.tlog\cl.command.1.tlog
d:\git projects\c++\coding\coding\debug\coding.tlog\cl.read.1.tlog
d:\git projects\c++\coding\coding\debug\coding.tlog\cl.write.1.tlog
d:\git projects\c++\coding\coding\debug\coding.tlog\link.command.1.tlog
d:\git projects\c++\coding\coding\debug\coding.tlog\link.read.1.tlog
d:\git projects\c++\coding\coding\debug\coding.tlog\link.write.1.tlog
